INFO 2023-10-28 16:22:01,678 Auth info was exported to ./.tmp/auth_info.json api\debug\debug.cpp:17 Lyciaa@LAPTOP-3MHQFBA8
ERROR 2023-10-28 16:22:05,116 NE_RS_UNBLDRE: Unable to load application resource file /resources/favicon.ico api\debug\debug.cpp:20 Lyciaa@LAPTOP-3MHQFBA8
INFO 2023-10-28 16:36:19,286 Auth info was exported to ./.tmp/auth_info.json api\debug\debug.cpp:17 Lyciaa@LAPTOP-3MHQFBA8
ERROR 2023-10-28 16:36:20,975 NE_RS_UNBLDRE: Unable to load application resource file /resources/index.html api\debug\debug.cpp:20 Lyciaa@LAPTOP-3MHQFBA8
ERROR 2023-10-28 16:36:33,863 NE_RS_UNBLDRE: Unable to load application resource file /resources/index.html api\debug\debug.cpp:20 Lyciaa@LAPTOP-3MHQFBA8
INFO 2023-10-28 16:36:42,499 Auth info was exported to ./.tmp/auth_info.json api\debug\debug.cpp:17 Lyciaa@LAPTOP-3MHQFBA8
ERROR 2023-10-28 16:36:44,111 NE_RS_UNBLDRE: Unable to load application resource file /resources/index.html api\debug\debug.cpp:20 Lyciaa@LAPTOP-3MHQFBA8
INFO 2023-10-28 16:37:10,177 Auth info was exported to ./.tmp/auth_info.json api\debug\debug.cpp:17 Lyciaa@LAPTOP-3MHQFBA8
ERROR 2023-10-28 16:37:11,824 NE_RS_UNBLDRE: Unable to load application resource file /resources/index.html api\debug\debug.cpp:20 Lyciaa@LAPTOP-3MHQFBA8
INFO 2023-10-28 16:38:55,081 Auth info was exported to ./.tmp/auth_info.json api\debug\debug.cpp:17 Lyciaa@LAPTOP-3MHQFBA8
ERROR 2023-10-28 16:38:57,358 NE_RS_UNBLDRE: Unable to load application resource file /resources/favicon.ico api\debug\debug.cpp:20 Lyciaa@LAPTOP-3MHQFBA8
INFO 2023-10-28 16:45:34,455 Auth info was exported to ./.tmp/auth_info.json api\debug\debug.cpp:17 Lyciaa@LAPTOP-3MHQFBA8
ERROR 2023-10-28 16:45:35,984 NE_RS_UNBLDRE: Unable to load application resource file /resources/index.html api\debug\debug.cpp:20 Lyciaa@LAPTOP-3MHQFBA8
INFO 2023-10-28 16:45:47,277 Auth info was exported to ./.tmp/auth_info.json api\debug\debug.cpp:17 Lyciaa@LAPTOP-3MHQFBA8
ERROR 2023-10-28 16:45:49,554 NE_RS_UNBLDRE: Unable to load application resource file /resources/favicon.ico api\debug\debug.cpp:20 Lyciaa@LAPTOP-3MHQFBA8
INFO 2023-10-28 16:46:51,203 Auth info was exported to ./.tmp/auth_info.json api\debug\debug.cpp:17 Lyciaa@LAPTOP-3MHQFBA8
ERROR 2023-10-28 16:46:53,797 NE_RS_UNBLDRE: Unable to load application resource file /resources/favicon.ico api\debug\debug.cpp:20 Lyciaa@LAPTOP-3MHQFBA8
INFO 2023-10-28 16:47:22,963 Auth info was exported to ./.tmp/auth_info.json api\debug\debug.cpp:17 Lyciaa@LAPTOP-3MHQFBA8
ERROR 2023-10-28 16:47:25,184 NE_RS_UNBLDRE: Unable to load application resource file /resources/favicon.ico api\debug\debug.cpp:20 Lyciaa@LAPTOP-3MHQFBA8
INFO 2023-10-28 16:47:54,292 Auth info was exported to ./.tmp/auth_info.json api\debug\debug.cpp:17 Lyciaa@LAPTOP-3MHQFBA8
ERROR 2023-10-28 16:47:56,533 NE_RS_UNBLDRE: Unable to load application resource file /resources/favicon.ico api\debug\debug.cpp:20 Lyciaa@LAPTOP-3MHQFBA8
INFO 2023-10-28 16:48:11,327 Auth info was exported to ./.tmp/auth_info.json api\debug\debug.cpp:17 Lyciaa@LAPTOP-3MHQFBA8
ERROR 2023-10-28 16:48:13,735 NE_RS_UNBLDRE: Unable to load application resource file /resources/favicon.ico api\debug\debug.cpp:20 Lyciaa@LAPTOP-3MHQFBA8
INFO 2023-10-28 16:48:35,275 Auth info was exported to ./.tmp/auth_info.json api\debug\debug.cpp:17 Lyciaa@LAPTOP-3MHQFBA8
ERROR 2023-10-28 16:48:37,490 NE_RS_UNBLDRE: Unable to load application resource file /resources/favicon.ico api\debug\debug.cpp:20 Lyciaa@LAPTOP-3MHQFBA8
INFO 2023-10-28 16:48:57,626 Auth info was exported to ./.tmp/auth_info.json api\debug\debug.cpp:17 Lyciaa@LAPTOP-3MHQFBA8
ERROR 2023-10-28 16:49:00,070 NE_RS_UNBLDRE: Unable to load application resource file /resources/favicon.ico api\debug\debug.cpp:20 Lyciaa@LAPTOP-3MHQFBA8
INFO 2023-10-28 16:49:15,568 Auth info was exported to ./.tmp/auth_info.json api\debug\debug.cpp:17 Lyciaa@LAPTOP-3MHQFBA8
ERROR 2023-10-28 16:49:17,826 NE_RS_UNBLDRE: Unable to load application resource file /resources/favicon.ico api\debug\debug.cpp:20 Lyciaa@LAPTOP-3MHQFBA8
INFO 2023-10-28 16:49:30,245 Auth info was exported to ./.tmp/auth_info.json api\debug\debug.cpp:17 Lyciaa@LAPTOP-3MHQFBA8
ERROR 2023-10-28 16:49:32,343 NE_RS_UNBLDRE: Unable to load application resource file /resources/favicon.ico api\debug\debug.cpp:20 Lyciaa@LAPTOP-3MHQFBA8
INFO 2023-10-28 16:49:49,903 Auth info was exported to ./.tmp/auth_info.json api\debug\debug.cpp:17 Lyciaa@LAPTOP-3MHQFBA8
ERROR 2023-10-28 16:49:52,495 NE_RS_UNBLDRE: Unable to load application resource file /resources/favicon.ico api\debug\debug.cpp:20 Lyciaa@LAPTOP-3MHQFBA8
INFO 2023-10-28 16:51:10,037 Auth info was exported to ./.tmp/auth_info.json api\debug\debug.cpp:17 Lyciaa@LAPTOP-3MHQFBA8
ERROR 2023-10-28 16:51:11,764 NE_RS_UNBLDRE: Unable to load application resource file /resources/index.html api\debug\debug.cpp:20 Lyciaa@LAPTOP-3MHQFBA8
ERROR 2023-10-28 16:51:20,250 NE_RS_UNBLDRE: Unable to load application resource file /resources/favicon.ico api\debug\debug.cpp:20 Lyciaa@LAPTOP-3MHQFBA8
INFO 2023-10-28 16:51:58,338 Auth info was exported to ./.tmp/auth_info.json api\debug\debug.cpp:17 Lyciaa@LAPTOP-3MHQFBA8
ERROR 2023-10-28 16:52:00,675 NE_RS_UNBLDRE: Unable to load application resource file /resources/favicon.ico api\debug\debug.cpp:20 Lyciaa@LAPTOP-3MHQFBA8
INFO 2023-10-28 16:53:03,111 Auth info was exported to ./.tmp/auth_info.json api\debug\debug.cpp:17 Lyciaa@LAPTOP-3MHQFBA8
ERROR 2023-10-28 16:53:04,884 NE_RS_UNBLDRE: Unable to load application resource file /resources/index.html api\debug\debug.cpp:20 Lyciaa@LAPTOP-3MHQFBA8
ERROR 2023-10-28 16:53:21,600 NE_RS_UNBLDRE: Unable to load application resource file /resources/favicon.ico api\debug\debug.cpp:20 Lyciaa@LAPTOP-3MHQFBA8
INFO 2023-10-28 16:54:15,877 Auth info was exported to ./.tmp/auth_info.json api\debug\debug.cpp:17 Lyciaa@LAPTOP-3MHQFBA8
ERROR 2023-10-28 16:54:18,420 NE_RS_UNBLDRE: Unable to load application resource file /resources/favicon.ico api\debug\debug.cpp:20 Lyciaa@LAPTOP-3MHQFBA8
INFO 2023-10-28 16:55:47,569 Auth info was exported to ./.tmp/auth_info.json api\debug\debug.cpp:17 Lyciaa@LAPTOP-3MHQFBA8
ERROR 2023-10-28 16:55:49,034 NE_RS_UNBLDRE: Unable to load application resource file /resources/index.html api\debug\debug.cpp:20 Lyciaa@LAPTOP-3MHQFBA8
INFO 2023-10-28 16:56:29,848 Auth info was exported to ./.tmp/auth_info.json api\debug\debug.cpp:17 Lyciaa@LAPTOP-3MHQFBA8
ERROR 2023-10-28 16:56:32,204 NE_RS_UNBLDRE: Unable to load application resource file /resources/favicon.ico api\debug\debug.cpp:20 Lyciaa@LAPTOP-3MHQFBA8
INFO 2023-10-28 16:59:55,321 Auth info was exported to ./.tmp/auth_info.json api\debug\debug.cpp:17 Lyciaa@LAPTOP-3MHQFBA8
ERROR 2023-10-28 16:59:57,062 NE_RS_UNBLDRE: Unable to load application resource file /resources/index.html api\debug\debug.cpp:20 Lyciaa@LAPTOP-3MHQFBA8
ERROR 2023-10-28 17:00:15,621 NE_RS_UNBLDRE: Unable to load application resource file /resources/favicon.ico api\debug\debug.cpp:20 Lyciaa@LAPTOP-3MHQFBA8
INFO 2023-10-28 17:01:08,129 Auth info was exported to ./.tmp/auth_info.json api\debug\debug.cpp:17 Lyciaa@LAPTOP-3MHQFBA8
ERROR 2023-10-28 17:01:10,931 NE_RS_UNBLDRE: Unable to load application resource file /resources/favicon.ico api\debug\debug.cpp:20 Lyciaa@LAPTOP-3MHQFBA8
INFO 2023-10-28 17:01:27,401 Auth info was exported to ./.tmp/auth_info.json api\debug\debug.cpp:17 Lyciaa@LAPTOP-3MHQFBA8
ERROR 2023-10-28 17:01:29,896 NE_RS_UNBLDRE: Unable to load application resource file /resources/favicon.ico api\debug\debug.cpp:20 Lyciaa@LAPTOP-3MHQFBA8
INFO 2023-10-28 17:06:01,543 Auth info was exported to ./.tmp/auth_info.json api\debug\debug.cpp:17 Lyciaa@LAPTOP-3MHQFBA8
ERROR 2023-10-28 17:06:04,169 NE_RS_UNBLDRE: Unable to load application resource file /resources/favicon.ico api\debug\debug.cpp:20 Lyciaa@LAPTOP-3MHQFBA8
INFO 2023-10-28 17:07:28,517 Auth info was exported to ./.tmp/auth_info.json api\debug\debug.cpp:17 Lyciaa@LAPTOP-3MHQFBA8
ERROR 2023-10-28 17:07:30,779 NE_RS_UNBLDRE: Unable to load application resource file /resources/favicon.ico api\debug\debug.cpp:20 Lyciaa@LAPTOP-3MHQFBA8
INFO 2023-10-28 17:36:14,270 Auth info was exported to ./.tmp/auth_info.json api\debug\debug.cpp:17 Lyciaa@LAPTOP-3MHQFBA8
ERROR 2023-10-28 17:36:17,152 NE_RS_UNBLDRE: Unable to load application resource file /resources/index.html api\debug\debug.cpp:20 Lyciaa@LAPTOP-3MHQFBA8
ERROR 2023-10-28 17:36:28,131 NE_RS_UNBLDRE: Unable to load application resource file /resources/favicon.ico api\debug\debug.cpp:20 Lyciaa@LAPTOP-3MHQFBA8
INFO 2023-10-28 17:41:06,829 Auth info was exported to ./.tmp/auth_info.json api\debug\debug.cpp:17 Lyciaa@LAPTOP-3MHQFBA8
ERROR 2023-10-28 17:41:10,149 NE_RS_UNBLDRE: Unable to load application resource file /resources/favicon.ico api\debug\debug.cpp:20 Lyciaa@LAPTOP-3MHQFBA8
INFO 2023-10-28 17:41:58,495 Auth info was exported to ./.tmp/auth_info.json api\debug\debug.cpp:17 Lyciaa@LAPTOP-3MHQFBA8
ERROR 2023-10-28 17:42:01,315 NE_RS_UNBLDRE: Unable to load application resource file /resources/favicon.ico api\debug\debug.cpp:20 Lyciaa@LAPTOP-3MHQFBA8
INFO 2023-10-28 17:43:09,159 Auth info was exported to ./.tmp/auth_info.json api\debug\debug.cpp:17 Lyciaa@LAPTOP-3MHQFBA8
ERROR 2023-10-28 17:43:11,825 NE_RS_UNBLDRE: Unable to load application resource file /resources/favicon.ico api\debug\debug.cpp:20 Lyciaa@LAPTOP-3MHQFBA8
INFO 2023-10-28 17:43:41,346 Auth info was exported to ./.tmp/auth_info.json api\debug\debug.cpp:17 Lyciaa@LAPTOP-3MHQFBA8
ERROR 2023-10-28 17:43:44,027 NE_RS_UNBLDRE: Unable to load application resource file /resources/favicon.ico api\debug\debug.cpp:20 Lyciaa@LAPTOP-3MHQFBA8
INFO 2023-10-28 17:51:36,433 Auth info was exported to ./.tmp/auth_info.json api\debug\debug.cpp:17 Lyciaa@LAPTOP-3MHQFBA8
ERROR 2023-10-28 17:51:39,002 NE_RS_UNBLDRE: Unable to load application resource file /resources/favicon.ico api\debug\debug.cpp:20 Lyciaa@LAPTOP-3MHQFBA8
INFO 2023-10-28 17:55:09,426 Auth info was exported to ./.tmp/auth_info.json api\debug\debug.cpp:17 Lyciaa@LAPTOP-3MHQFBA8
ERROR 2023-10-28 17:55:10,904 NE_RS_UNBLDRE: Unable to load application resource file /resources/index.html api\debug\debug.cpp:20 Lyciaa@LAPTOP-3MHQFBA8
ERROR 2023-10-28 17:55:25,581 NE_RS_UNBLDRE: Unable to load application resource file /resources/favicon.ico api\debug\debug.cpp:20 Lyciaa@LAPTOP-3MHQFBA8
INFO 2023-10-28 17:56:07,012 Auth info was exported to ./.tmp/auth_info.json api\debug\debug.cpp:17 Lyciaa@LAPTOP-3MHQFBA8
ERROR 2023-10-28 17:56:09,770 NE_RS_UNBLDRE: Unable to load application resource file /resources/favicon.ico api\debug\debug.cpp:20 Lyciaa@LAPTOP-3MHQFBA8
INFO 2023-10-28 17:58:09,217 Auth info was exported to ./.tmp/auth_info.json api\debug\debug.cpp:17 Lyciaa@LAPTOP-3MHQFBA8
ERROR 2023-10-28 17:58:11,917 NE_RS_UNBLDRE: Unable to load application resource file /resources/favicon.ico api\debug\debug.cpp:20 Lyciaa@LAPTOP-3MHQFBA8
INFO 2023-10-28 17:59:19,153 Auth info was exported to ./.tmp/auth_info.json api\debug\debug.cpp:17 Lyciaa@LAPTOP-3MHQFBA8
ERROR 2023-10-28 17:59:21,702 NE_RS_UNBLDRE: Unable to load application resource file /resources/favicon.ico api\debug\debug.cpp:20 Lyciaa@LAPTOP-3MHQFBA8
INFO 2023-10-28 18:00:33,198 Auth info was exported to ./.tmp/auth_info.json api\debug\debug.cpp:17 Lyciaa@LAPTOP-3MHQFBA8
ERROR 2023-10-28 18:00:36,080 NE_RS_UNBLDRE: Unable to load application resource file /resources/favicon.ico api\debug\debug.cpp:20 Lyciaa@LAPTOP-3MHQFBA8
INFO 2023-10-28 18:01:09,025 Reloading the application... api\debug\debug.cpp:17 Lyciaa@LAPTOP-3MHQFBA8
INFO 2023-10-28 18:01:34,074 Reloading the application... api\debug\debug.cpp:17 Lyciaa@LAPTOP-3MHQFBA8
INFO 2023-10-28 18:02:04,054 Reloading the application... api\debug\debug.cpp:17 Lyciaa@LAPTOP-3MHQFBA8
INFO 2023-10-28 18:02:12,656 Reloading the application... api\debug\debug.cpp:17 Lyciaa@LAPTOP-3MHQFBA8
INFO 2023-10-28 18:02:34,774 Reloading the application... api\debug\debug.cpp:17 Lyciaa@LAPTOP-3MHQFBA8
INFO 2023-10-28 18:03:05,771 Auth info was exported to ./.tmp/auth_info.json api\debug\debug.cpp:17 Lyciaa@LAPTOP-3MHQFBA8
ERROR 2023-10-28 18:03:08,745 NE_RS_UNBLDRE: Unable to load application resource file /resources/favicon.ico api\debug\debug.cpp:20 Lyciaa@LAPTOP-3MHQFBA8
INFO 2023-10-28 18:03:19,256 Reloading the application... api\debug\debug.cpp:17 Lyciaa@LAPTOP-3MHQFBA8
INFO 2023-10-28 18:03:53,230 Reloading the application... api\debug\debug.cpp:17 Lyciaa@LAPTOP-3MHQFBA8
INFO 2023-10-28 18:04:13,136 Reloading the application... api\debug\debug.cpp:17 Lyciaa@LAPTOP-3MHQFBA8
INFO 2023-10-28 18:04:28,520 Reloading the application... api\debug\debug.cpp:17 Lyciaa@LAPTOP-3MHQFBA8
INFO 2023-10-28 18:04:51,522 Reloading the application... api\debug\debug.cpp:17 Lyciaa@LAPTOP-3MHQFBA8
INFO 2023-10-28 18:05:08,031 Reloading the application... api\debug\debug.cpp:17 Lyciaa@LAPTOP-3MHQFBA8
INFO 2023-10-28 18:06:48,835 Auth info was exported to ./.tmp/auth_info.json api\debug\debug.cpp:17 Lyciaa@LAPTOP-3MHQFBA8
ERROR 2023-10-28 18:06:51,639 NE_RS_UNBLDRE: Unable to load application resource file /resources/favicon.ico api\debug\debug.cpp:20 Lyciaa@LAPTOP-3MHQFBA8
INFO 2023-10-28 18:07:06,391 Reloading the application... api\debug\debug.cpp:17 Lyciaa@LAPTOP-3MHQFBA8
INFO 2023-10-28 18:08:10,173 Reloading the application... api\debug\debug.cpp:17 Lyciaa@LAPTOP-3MHQFBA8
INFO 2023-10-28 18:08:27,215 Reloading the application... api\debug\debug.cpp:17 Lyciaa@LAPTOP-3MHQFBA8
INFO 2023-10-28 18:09:16,842 Reloading the application... api\debug\debug.cpp:17 Lyciaa@LAPTOP-3MHQFBA8
INFO 2023-10-28 18:09:34,855 Reloading the application... api\debug\debug.cpp:17 Lyciaa@LAPTOP-3MHQFBA8
INFO 2023-10-28 18:09:48,923 Reloading the application... api\debug\debug.cpp:17 Lyciaa@LAPTOP-3MHQFBA8
INFO 2023-10-28 18:09:52,422 Reloading the application... api\debug\debug.cpp:17 Lyciaa@LAPTOP-3MHQFBA8
INFO 2023-10-28 18:11:37,826 Reloading the application... api\debug\debug.cpp:17 Lyciaa@LAPTOP-3MHQFBA8
INFO 2023-10-28 18:11:55,047 Reloading the application... api\debug\debug.cpp:17 Lyciaa@LAPTOP-3MHQFBA8
INFO 2023-10-28 18:12:23,249 Reloading the application... api\debug\debug.cpp:17 Lyciaa@LAPTOP-3MHQFBA8
INFO 2023-10-28 18:28:12,008 Auth info was exported to ./.tmp/auth_info.json api\debug\debug.cpp:17 Lyciaa@LAPTOP-3MHQFBA8
ERROR 2023-10-28 18:28:14,462 NE_RS_UNBLDRE: Unable to load application resource file /resources/favicon.ico api\debug\debug.cpp:20 Lyciaa@LAPTOP-3MHQFBA8
INFO 2023-10-28 18:28:46,730 Auth info was exported to ./.tmp/auth_info.json api\debug\debug.cpp:17 Lyciaa@LAPTOP-3MHQFBA8
ERROR 2023-10-28 18:28:49,306 NE_RS_UNBLDRE: Unable to load application resource file /resources/favicon.ico api\debug\debug.cpp:20 Lyciaa@LAPTOP-3MHQFBA8
INFO 2023-10-28 18:32:47,338 Auth info was exported to ./.tmp/auth_info.json api\debug\debug.cpp:17 Lyciaa@LAPTOP-3MHQFBA8
ERROR 2023-10-28 18:32:50,079 NE_RS_UNBLDRE: Unable to load application resource file /resources/favicon.ico api\debug\debug.cpp:20 Lyciaa@LAPTOP-3MHQFBA8
INFO 2023-10-28 18:33:15,810 Auth info was exported to ./.tmp/auth_info.json api\debug\debug.cpp:17 Lyciaa@LAPTOP-3MHQFBA8
ERROR 2023-10-28 18:33:18,550 NE_RS_UNBLDRE: Unable to load application resource file /resources/favicon.ico api\debug\debug.cpp:20 Lyciaa@LAPTOP-3MHQFBA8
INFO 2023-10-28 18:34:00,763 Auth info was exported to ./.tmp/auth_info.json api\debug\debug.cpp:17 Lyciaa@LAPTOP-3MHQFBA8
ERROR 2023-10-28 18:34:03,690 NE_RS_UNBLDRE: Unable to load application resource file /resources/favicon.ico api\debug\debug.cpp:20 Lyciaa@LAPTOP-3MHQFBA8
INFO 2023-10-28 18:36:04,732 Auth info was exported to ./.tmp/auth_info.json api\debug\debug.cpp:17 Lyciaa@LAPTOP-3MHQFBA8
ERROR 2023-10-28 18:36:07,235 NE_RS_UNBLDRE: Unable to load application resource file /resources/favicon.ico api\debug\debug.cpp:20 Lyciaa@LAPTOP-3MHQFBA8
INFO 2023-10-28 18:36:41,508 Reloading the application... api\debug\debug.cpp:17 Lyciaa@LAPTOP-3MHQFBA8
INFO 2023-10-28 18:37:55,997 Reloading the application... api\debug\debug.cpp:17 Lyciaa@LAPTOP-3MHQFBA8
INFO 2023-10-28 18:38:31,775 Reloading the application... api\debug\debug.cpp:17 Lyciaa@LAPTOP-3MHQFBA8
INFO 2023-10-28 18:39:19,879 Reloading the application... api\debug\debug.cpp:17 Lyciaa@LAPTOP-3MHQFBA8
INFO 2023-10-28 18:40:51,214 Reloading the application... api\debug\debug.cpp:17 Lyciaa@LAPTOP-3MHQFBA8
INFO 2023-10-28 18:43:24,449 Reloading the application... api\debug\debug.cpp:17 Lyciaa@LAPTOP-3MHQFBA8
INFO 2023-10-28 19:37:53,207 Auth info was exported to ./.tmp/auth_info.json api\debug\debug.cpp:17 Lyciaa@LAPTOP-3MHQFBA8
ERROR 2023-10-28 19:37:55,187 NE_RS_UNBLDRE: Unable to load application resource file /resources/index.html api\debug\debug.cpp:20 Lyciaa@LAPTOP-3MHQFBA8
ERROR 2023-10-28 19:38:07,433 NE_RS_UNBLDRE: Unable to load application resource file /resources/favicon.ico api\debug\debug.cpp:20 Lyciaa@LAPTOP-3MHQFBA8
INFO 2023-10-28 19:46:42,759 Reloading the application... api\debug\debug.cpp:17 Lyciaa@LAPTOP-3MHQFBA8
INFO 2023-10-28 19:47:11,654 Reloading the application... api\debug\debug.cpp:17 Lyciaa@LAPTOP-3MHQFBA8
INFO 2023-10-28 19:47:28,923 Reloading the application... api\debug\debug.cpp:17 Lyciaa@LAPTOP-3MHQFBA8
INFO 2023-10-28 19:48:47,859 Reloading the application... api\debug\debug.cpp:17 Lyciaa@LAPTOP-3MHQFBA8
INFO 2023-10-28 19:49:07,063 Reloading the application... api\debug\debug.cpp:17 Lyciaa@LAPTOP-3MHQFBA8
INFO 2023-10-28 19:55:36,474 Reloading the application... api\debug\debug.cpp:17 Lyciaa@LAPTOP-3MHQFBA8
INFO 2023-10-28 19:55:42,412 Reloading the application... api\debug\debug.cpp:17 Lyciaa@LAPTOP-3MHQFBA8
INFO 2023-10-28 19:56:37,095 Reloading the application... api\debug\debug.cpp:17 Lyciaa@LAPTOP-3MHQFBA8
INFO 2023-10-28 19:56:46,057 Reloading the application... api\debug\debug.cpp:17 Lyciaa@LAPTOP-3MHQFBA8
INFO 2023-10-28 19:57:13,285 Reloading the application... api\debug\debug.cpp:17 Lyciaa@LAPTOP-3MHQFBA8
INFO 2023-10-28 19:58:00,102 Reloading the application... api\debug\debug.cpp:17 Lyciaa@LAPTOP-3MHQFBA8
INFO 2023-10-28 19:58:38,402 Reloading the application... api\debug\debug.cpp:17 Lyciaa@LAPTOP-3MHQFBA8
INFO 2023-10-28 19:59:14,542 Reloading the application... api\debug\debug.cpp:17 Lyciaa@LAPTOP-3MHQFBA8
INFO 2023-10-28 19:59:42,693 Reloading the application... api\debug\debug.cpp:17 Lyciaa@LAPTOP-3MHQFBA8
INFO 2023-10-28 20:00:27,964 Reloading the application... api\debug\debug.cpp:17 Lyciaa@LAPTOP-3MHQFBA8
INFO 2023-10-28 20:01:42,291 Reloading the application... api\debug\debug.cpp:17 Lyciaa@LAPTOP-3MHQFBA8
INFO 2023-10-28 20:02:14,151 Reloading the application... api\debug\debug.cpp:17 Lyciaa@LAPTOP-3MHQFBA8
INFO 2023-10-28 20:02:26,691 Reloading the application... api\debug\debug.cpp:17 Lyciaa@LAPTOP-3MHQFBA8
INFO 2023-10-28 20:07:08,455 Auth info was exported to ./.tmp/auth_info.json api\debug\debug.cpp:17 Lyciaa@LAPTOP-3MHQFBA8
ERROR 2023-10-28 20:07:11,220 NE_RS_UNBLDRE: Unable to load application resource file /resources/favicon.ico api\debug\debug.cpp:20 Lyciaa@LAPTOP-3MHQFBA8
INFO 2023-10-28 20:08:27,815 Auth info was exported to ./.tmp/auth_info.json api\debug\debug.cpp:17 Lyciaa@LAPTOP-3MHQFBA8
ERROR 2023-10-28 20:08:30,571 NE_RS_UNBLDRE: Unable to load application resource file /resources/favicon.ico api\debug\debug.cpp:20 Lyciaa@LAPTOP-3MHQFBA8
INFO 2023-10-28 20:09:30,607 Auth info was exported to ./.tmp/auth_info.json api\debug\debug.cpp:17 Lyciaa@LAPTOP-3MHQFBA8
ERROR 2023-10-28 20:09:33,314 NE_RS_UNBLDRE: Unable to load application resource file /resources/favicon.ico api\debug\debug.cpp:20 Lyciaa@LAPTOP-3MHQFBA8
INFO 2023-10-28 20:10:54,409 Auth info was exported to ./.tmp/auth_info.json api\debug\debug.cpp:17 Lyciaa@LAPTOP-3MHQFBA8
ERROR 2023-10-28 20:10:57,133 NE_RS_UNBLDRE: Unable to load application resource file /resources/favicon.ico api\debug\debug.cpp:20 Lyciaa@LAPTOP-3MHQFBA8
INFO 2023-10-28 20:11:27,470 Auth info was exported to ./.tmp/auth_info.json api\debug\debug.cpp:17 Lyciaa@LAPTOP-3MHQFBA8
ERROR 2023-10-28 20:11:30,047 NE_RS_UNBLDRE: Unable to load application resource file /resources/favicon.ico api\debug\debug.cpp:20 Lyciaa@LAPTOP-3MHQFBA8
INFO 2023-10-28 20:12:00,801 Auth info was exported to ./.tmp/auth_info.json api\debug\debug.cpp:17 Lyciaa@LAPTOP-3MHQFBA8
ERROR 2023-10-28 20:12:03,556 NE_RS_UNBLDRE: Unable to load application resource file /resources/favicon.ico api\debug\debug.cpp:20 Lyciaa@LAPTOP-3MHQFBA8
INFO 2023-10-28 20:12:43,964 Reloading the application... api\debug\debug.cpp:17 Lyciaa@LAPTOP-3MHQFBA8
INFO 2023-10-28 20:13:00,370 Reloading the application... api\debug\debug.cpp:17 Lyciaa@LAPTOP-3MHQFBA8
INFO 2023-10-28 20:13:04,007 Reloading the application... api\debug\debug.cpp:17 Lyciaa@LAPTOP-3MHQFBA8
INFO 2023-10-28 20:13:32,073 Auth info was exported to ./.tmp/auth_info.json api\debug\debug.cpp:17 Lyciaa@LAPTOP-3MHQFBA8
ERROR 2023-10-28 20:13:34,586 NE_RS_UNBLDRE: Unable to load application resource file /resources/favicon.ico api\debug\debug.cpp:20 Lyciaa@LAPTOP-3MHQFBA8
INFO 2023-10-28 20:14:36,020 Auth info was exported to ./.tmp/auth_info.json api\debug\debug.cpp:17 Lyciaa@LAPTOP-3MHQFBA8
ERROR 2023-10-28 20:14:38,442 NE_RS_UNBLDRE: Unable to load application resource file /resources/favicon.ico api\debug\debug.cpp:20 Lyciaa@LAPTOP-3MHQFBA8
INFO 2023-10-28 20:14:55,657 Auth info was exported to ./.tmp/auth_info.json api\debug\debug.cpp:17 Lyciaa@LAPTOP-3MHQFBA8
ERROR 2023-10-28 20:14:58,482 NE_RS_UNBLDRE: Unable to load application resource file /resources/favicon.ico api\debug\debug.cpp:20 Lyciaa@LAPTOP-3MHQFBA8
INFO 2023-10-28 20:18:16,688 Reloading the application... api\debug\debug.cpp:17 Lyciaa@LAPTOP-3MHQFBA8
INFO 2023-10-28 20:19:15,770 Reloading the application... api\debug\debug.cpp:17 Lyciaa@LAPTOP-3MHQFBA8
INFO 2023-10-28 20:20:16,232 Reloading the application... api\debug\debug.cpp:17 Lyciaa@LAPTOP-3MHQFBA8
INFO 2023-10-28 20:20:55,087 Auth info was exported to ./.tmp/auth_info.json api\debug\debug.cpp:17 Lyciaa@LAPTOP-3MHQFBA8
ERROR 2023-10-28 20:20:58,046 NE_RS_UNBLDRE: Unable to load application resource file /resources/favicon.ico api\debug\debug.cpp:20 Lyciaa@LAPTOP-3MHQFBA8
INFO 2023-10-28 20:22:24,295 Auth info was exported to ./.tmp/auth_info.json api\debug\debug.cpp:17 Lyciaa@LAPTOP-3MHQFBA8
ERROR 2023-10-28 20:22:27,071 NE_RS_UNBLDRE: Unable to load application resource file /resources/favicon.ico api\debug\debug.cpp:20 Lyciaa@LAPTOP-3MHQFBA8
INFO 2023-10-28 20:35:56,592 Auth info was exported to ./.tmp/auth_info.json api\debug\debug.cpp:17 Lyciaa@LAPTOP-3MHQFBA8
ERROR 2023-10-28 20:35:59,304 NE_RS_UNBLDRE: Unable to load application resource file /resources/favicon.ico api\debug\debug.cpp:20 Lyciaa@LAPTOP-3MHQFBA8
INFO 2023-10-28 20:37:04,504 Reloading the application... api\debug\debug.cpp:17 Lyciaa@LAPTOP-3MHQFBA8
INFO 2023-10-28 20:38:33,298 Reloading the application... api\debug\debug.cpp:17 Lyciaa@LAPTOP-3MHQFBA8
INFO 2023-10-28 20:40:59,367 Auth info was exported to ./.tmp/auth_info.json api\debug\debug.cpp:17 Lyciaa@LAPTOP-3MHQFBA8
ERROR 2023-10-28 20:41:02,375 NE_RS_UNBLDRE: Unable to load application resource file /resources/favicon.ico api\debug\debug.cpp:20 Lyciaa@LAPTOP-3MHQFBA8
INFO 2023-10-28 20:42:23,134 Reloading the application... api\debug\debug.cpp:17 Lyciaa@LAPTOP-3MHQFBA8
INFO 2023-10-28 20:42:30,856 Auth info was exported to ./.tmp/auth_info.json api\debug\debug.cpp:17 Lyciaa@LAPTOP-3MHQFBA8
ERROR 2023-10-28 20:42:33,616 NE_RS_UNBLDRE: Unable to load application resource file /resources/favicon.ico api\debug\debug.cpp:20 Lyciaa@LAPTOP-3MHQFBA8
INFO 2023-10-28 20:42:55,788 Auth info was exported to ./.tmp/auth_info.json api\debug\debug.cpp:17 Lyciaa@LAPTOP-3MHQFBA8
ERROR 2023-10-28 20:42:58,257 NE_RS_UNBLDRE: Unable to load application resource file /resources/favicon.ico api\debug\debug.cpp:20 Lyciaa@LAPTOP-3MHQFBA8
INFO 2023-10-28 20:43:13,523 Reloading the application... api\debug\debug.cpp:17 Lyciaa@LAPTOP-3MHQFBA8
ERROR 2023-10-28 20:43:16,613 NE_SR_UNBPARS: Unable to parse native call payload api\debug\debug.cpp:20 Lyciaa@LAPTOP-3MHQFBA8
INFO 2023-10-28 20:43:58,138 Reloading the application... api\debug\debug.cpp:17 Lyciaa@LAPTOP-3MHQFBA8
ERROR 2023-10-28 20:44:00,788 NE_SR_UNBPARS: Unable to parse native call payload api\debug\debug.cpp:20 Lyciaa@LAPTOP-3MHQFBA8
INFO 2023-10-28 20:44:11,878 Reloading the application... api\debug\debug.cpp:17 Lyciaa@LAPTOP-3MHQFBA8
ERROR 2023-10-28 20:44:14,698 NE_SR_UNBPARS: Unable to parse native call payload api\debug\debug.cpp:20 Lyciaa@LAPTOP-3MHQFBA8
INFO 2023-10-28 20:44:42,807 Reloading the application... api\debug\debug.cpp:17 Lyciaa@LAPTOP-3MHQFBA8
ERROR 2023-10-28 20:44:45,835 NE_SR_UNBPARS: Unable to parse native call payload api\debug\debug.cpp:20 Lyciaa@LAPTOP-3MHQFBA8
INFO 2023-10-28 20:44:53,265 Reloading the application... api\debug\debug.cpp:17 Lyciaa@LAPTOP-3MHQFBA8
ERROR 2023-10-28 20:44:56,162 NE_SR_UNBPARS: Unable to parse native call payload api\debug\debug.cpp:20 Lyciaa@LAPTOP-3MHQFBA8
INFO 2023-10-28 20:45:24,617 Reloading the application... api\debug\debug.cpp:17 Lyciaa@LAPTOP-3MHQFBA8
ERROR 2023-10-28 20:45:27,150 NE_SR_UNBPARS: Unable to parse native call payload api\debug\debug.cpp:20 Lyciaa@LAPTOP-3MHQFBA8
INFO 2023-10-28 20:45:44,357 Reloading the application... api\debug\debug.cpp:17 Lyciaa@LAPTOP-3MHQFBA8
INFO 2023-10-28 20:45:52,810 Auth info was exported to ./.tmp/auth_info.json api\debug\debug.cpp:17 Lyciaa@LAPTOP-3MHQFBA8
ERROR 2023-10-28 20:45:55,457 NE_RS_UNBLDRE: Unable to load application resource file /resources/favicon.ico api\debug\debug.cpp:20 Lyciaa@LAPTOP-3MHQFBA8
INFO 2023-10-28 20:46:09,725 Reloading the application... api\debug\debug.cpp:17 Lyciaa@LAPTOP-3MHQFBA8
ERROR 2023-10-28 20:46:12,592 NE_SR_UNBPARS: Unable to parse native call payload api\debug\debug.cpp:20 Lyciaa@LAPTOP-3MHQFBA8
INFO 2023-10-28 20:46:18,235 Auth info was exported to ./.tmp/auth_info.json api\debug\debug.cpp:17 Lyciaa@LAPTOP-3MHQFBA8
ERROR 2023-10-28 20:46:20,990 NE_RS_UNBLDRE: Unable to load application resource file /resources/favicon.ico api\debug\debug.cpp:20 Lyciaa@LAPTOP-3MHQFBA8
ERROR 2023-10-28 20:46:22,708 NE_SR_UNBPARS: Unable to parse native call payload api\debug\debug.cpp:20 Lyciaa@LAPTOP-3MHQFBA8
INFO 2023-10-28 20:46:47,098 Reloading the application... api\debug\debug.cpp:17 Lyciaa@LAPTOP-3MHQFBA8
INFO 2023-10-28 20:48:15,997 Auth info was exported to ./.tmp/auth_info.json api\debug\debug.cpp:17 Lyciaa@LAPTOP-3MHQFBA8
ERROR 2023-10-28 20:48:18,862 NE_RS_UNBLDRE: Unable to load application resource file /resources/favicon.ico api\debug\debug.cpp:20 Lyciaa@LAPTOP-3MHQFBA8
INFO 2023-10-28 20:48:28,526 Reloading the application... api\debug\debug.cpp:17 Lyciaa@LAPTOP-3MHQFBA8
INFO 2023-10-28 20:49:25,406 Reloading the application... api\debug\debug.cpp:17 Lyciaa@LAPTOP-3MHQFBA8
INFO 2023-10-28 20:49:47,551 Reloading the application... api\debug\debug.cpp:17 Lyciaa@LAPTOP-3MHQFBA8
INFO 2023-10-28 20:50:43,535 Auth info was exported to ./.tmp/auth_info.json api\debug\debug.cpp:17 Lyciaa@LAPTOP-3MHQFBA8
ERROR 2023-10-28 20:50:46,248 NE_RS_UNBLDRE: Unable to load application resource file /resources/favicon.ico api\debug\debug.cpp:20 Lyciaa@LAPTOP-3MHQFBA8
INFO 2023-10-28 20:52:17,768 Auth info was exported to ./.tmp/auth_info.json api\debug\debug.cpp:17 Lyciaa@LAPTOP-3MHQFBA8
ERROR 2023-10-28 20:52:20,438 NE_RS_UNBLDRE: Unable to load application resource file /resources/favicon.ico api\debug\debug.cpp:20 Lyciaa@LAPTOP-3MHQFBA8
INFO 2023-10-28 20:53:13,271 Auth info was exported to ./.tmp/auth_info.json api\debug\debug.cpp:17 Lyciaa@LAPTOP-3MHQFBA8
ERROR 2023-10-28 20:53:15,869 NE_RS_UNBLDRE: Unable to load application resource file /resources/favicon.ico api\debug\debug.cpp:20 Lyciaa@LAPTOP-3MHQFBA8
INFO 2023-10-28 20:54:48,893 Reloading the application... api\debug\debug.cpp:17 Lyciaa@LAPTOP-3MHQFBA8
INFO 2023-10-28 20:57:22,466 Auth info was exported to ./.tmp/auth_info.json api\debug\debug.cpp:17 Lyciaa@LAPTOP-3MHQFBA8
ERROR 2023-10-28 20:57:25,475 NE_RS_UNBLDRE: Unable to load application resource file /resources/favicon.ico api\debug\debug.cpp:20 Lyciaa@LAPTOP-3MHQFBA8
INFO 2023-10-28 20:58:17,771 Reloading the application... api\debug\debug.cpp:17 Lyciaa@LAPTOP-3MHQFBA8
INFO 2023-10-28 20:58:42,172 Reloading the application... api\debug\debug.cpp:17 Lyciaa@LAPTOP-3MHQFBA8
INFO 2023-10-28 21:01:21,935 Reloading the application... api\debug\debug.cpp:17 Lyciaa@LAPTOP-3MHQFBA8
INFO 2023-10-28 21:01:29,399 Reloading the application... api\debug\debug.cpp:17 Lyciaa@LAPTOP-3MHQFBA8
INFO 2023-10-28 21:02:16,121 Reloading the application... api\debug\debug.cpp:17 Lyciaa@LAPTOP-3MHQFBA8
INFO 2023-10-28 21:03:15,949 Auth info was exported to ./.tmp/auth_info.json api\debug\debug.cpp:17 Lyciaa@LAPTOP-3MHQFBA8
ERROR 2023-10-28 21:03:18,592 NE_RS_UNBLDRE: Unable to load application resource file /resources/favicon.ico api\debug\debug.cpp:20 Lyciaa@LAPTOP-3MHQFBA8
INFO 2023-10-28 21:03:38,090 Reloading the application... api\debug\debug.cpp:17 Lyciaa@LAPTOP-3MHQFBA8
INFO 2023-10-28 21:03:51,955 Reloading the application... api\debug\debug.cpp:17 Lyciaa@LAPTOP-3MHQFBA8
INFO 2023-10-28 21:05:51,782 Auth info was exported to ./.tmp/auth_info.json api\debug\debug.cpp:17 Lyciaa@LAPTOP-3MHQFBA8
ERROR 2023-10-28 21:05:54,455 NE_RS_UNBLDRE: Unable to load application resource file /resources/favicon.ico api\debug\debug.cpp:20 Lyciaa@LAPTOP-3MHQFBA8
INFO 2023-10-28 21:06:08,730 Reloading the application... api\debug\debug.cpp:17 Lyciaa@LAPTOP-3MHQFBA8
INFO 2023-10-29 11:41:47,467 Auth info was exported to ./.tmp/auth_info.json api\debug\debug.cpp:17 Lyciaa@LAPTOP-3MHQFBA8
ERROR 2023-10-29 11:41:50,719 NE_RS_UNBLDRE: Unable to load application resource file /resources/favicon.ico api\debug\debug.cpp:20 Lyciaa@LAPTOP-3MHQFBA8
INFO 2023-10-29 11:43:02,152 Auth info was exported to ./.tmp/auth_info.json api\debug\debug.cpp:17 Lyciaa@LAPTOP-3MHQFBA8
ERROR 2023-10-29 11:43:04,647 NE_RS_UNBLDRE: Unable to load application resource file /resources/favicon.ico api\debug\debug.cpp:20 Lyciaa@LAPTOP-3MHQFBA8
INFO 2023-10-29 11:44:09,842 Auth info was exported to ./.tmp/auth_info.json api\debug\debug.cpp:17 Lyciaa@LAPTOP-3MHQFBA8
ERROR 2023-10-29 11:44:12,389 NE_RS_UNBLDRE: Unable to load application resource file /resources/favicon.ico api\debug\debug.cpp:20 Lyciaa@LAPTOP-3MHQFBA8
INFO 2023-10-29 11:44:32,208 Auth info was exported to ./.tmp/auth_info.json api\debug\debug.cpp:17 Lyciaa@LAPTOP-3MHQFBA8
ERROR 2023-10-29 11:44:34,677 NE_RS_UNBLDRE: Unable to load application resource file /resources/favicon.ico api\debug\debug.cpp:20 Lyciaa@LAPTOP-3MHQFBA8
INFO 2023-10-29 11:49:53,854 Auth info was exported to ./.tmp/auth_info.json api\debug\debug.cpp:17 Lyciaa@LAPTOP-3MHQFBA8
ERROR 2023-10-29 11:49:56,388 NE_RS_UNBLDRE: Unable to load application resource file /resources/favicon.ico api\debug\debug.cpp:20 Lyciaa@LAPTOP-3MHQFBA8
INFO 2023-10-29 11:50:23,693 Auth info was exported to ./.tmp/auth_info.json api\debug\debug.cpp:17 Lyciaa@LAPTOP-3MHQFBA8
ERROR 2023-10-29 11:50:26,088 NE_RS_UNBLDRE: Unable to load application resource file /resources/favicon.ico api\debug\debug.cpp:20 Lyciaa@LAPTOP-3MHQFBA8
INFO 2023-10-29 11:54:25,381 Auth info was exported to ./.tmp/auth_info.json api\debug\debug.cpp:17 Lyciaa@LAPTOP-3MHQFBA8
ERROR 2023-10-29 11:54:27,741 NE_RS_UNBLDRE: Unable to load application resource file /resources/favicon.ico api\debug\debug.cpp:20 Lyciaa@LAPTOP-3MHQFBA8
INFO 2023-10-29 11:59:31,919 Auth info was exported to ./.tmp/auth_info.json api\debug\debug.cpp:17 Lyciaa@LAPTOP-3MHQFBA8
ERROR 2023-10-29 11:59:34,570 NE_RS_UNBLDRE: Unable to load application resource file /resources/favicon.ico api\debug\debug.cpp:20 Lyciaa@LAPTOP-3MHQFBA8
INFO 2023-10-29 11:59:55,913 Auth info was exported to ./.tmp/auth_info.json api\debug\debug.cpp:17 Lyciaa@LAPTOP-3MHQFBA8
ERROR 2023-10-29 11:59:58,009 NE_RS_UNBLDRE: Unable to load application resource file /resources/favicon.ico api\debug\debug.cpp:20 Lyciaa@LAPTOP-3MHQFBA8
INFO 2023-10-29 12:00:45,328 Reloading the application... api\debug\debug.cpp:17 Lyciaa@LAPTOP-3MHQFBA8
INFO 2023-10-29 12:01:07,770 Auth info was exported to ./.tmp/auth_info.json api\debug\debug.cpp:17 Lyciaa@LAPTOP-3MHQFBA8
ERROR 2023-10-29 12:01:09,660 NE_RS_UNBLDRE: Unable to load application resource file /resources/favicon.ico api\debug\debug.cpp:20 Lyciaa@LAPTOP-3MHQFBA8
INFO 2023-10-29 12:03:09,147 Auth info was exported to ./.tmp/auth_info.json api\debug\debug.cpp:17 Lyciaa@LAPTOP-3MHQFBA8
ERROR 2023-10-29 12:03:11,092 NE_RS_UNBLDRE: Unable to load application resource file /resources/favicon.ico api\debug\debug.cpp:20 Lyciaa@LAPTOP-3MHQFBA8
INFO 2023-10-29 12:03:38,050 Auth info was exported to ./.tmp/auth_info.json api\debug\debug.cpp:17 Lyciaa@LAPTOP-3MHQFBA8
ERROR 2023-10-29 12:03:40,000 NE_RS_UNBLDRE: Unable to load application resource file /resources/favicon.ico api\debug\debug.cpp:20 Lyciaa@LAPTOP-3MHQFBA8
INFO 2023-10-29 12:03:55,958 Auth info was exported to ./.tmp/auth_info.json api\debug\debug.cpp:17 Lyciaa@LAPTOP-3MHQFBA8
ERROR 2023-10-29 12:03:57,841 NE_RS_UNBLDRE: Unable to load application resource file /resources/favicon.ico api\debug\debug.cpp:20 Lyciaa@LAPTOP-3MHQFBA8
INFO 2023-10-29 12:06:25,132 Auth info was exported to ./.tmp/auth_info.json api\debug\debug.cpp:17 Lyciaa@LAPTOP-3MHQFBA8
ERROR 2023-10-29 12:06:27,640 NE_RS_UNBLDRE: Unable to load application resource file /resources/favicon.ico api\debug\debug.cpp:20 Lyciaa@LAPTOP-3MHQFBA8
INFO 2023-10-29 12:10:52,563 Auth info was exported to ./.tmp/auth_info.json api\debug\debug.cpp:17 Lyciaa@LAPTOP-3MHQFBA8
ERROR 2023-10-29 12:10:54,477 NE_RS_UNBLDRE: Unable to load application resource file /resources/favicon.ico api\debug\debug.cpp:20 Lyciaa@LAPTOP-3MHQFBA8
INFO 2023-10-29 12:13:53,162 Auth info was exported to ./.tmp/auth_info.json api\debug\debug.cpp:17 Lyciaa@LAPTOP-3MHQFBA8
ERROR 2023-10-29 12:13:55,024 NE_RS_UNBLDRE: Unable to load application resource file /resources/favicon.ico api\debug\debug.cpp:20 Lyciaa@LAPTOP-3MHQFBA8
INFO 2023-10-29 12:14:07,246 Auth info was exported to ./.tmp/auth_info.json api\debug\debug.cpp:17 Lyciaa@LAPTOP-3MHQFBA8
ERROR 2023-10-29 12:14:09,020 NE_RS_UNBLDRE: Unable to load application resource file /resources/favicon.ico api\debug\debug.cpp:20 Lyciaa@LAPTOP-3MHQFBA8
INFO 2023-10-29 12:15:02,341 Reloading the application... api\debug\debug.cpp:17 Lyciaa@LAPTOP-3MHQFBA8
INFO 2023-10-29 12:15:04,943 Auth info was exported to ./.tmp/auth_info.json api\debug\debug.cpp:17 Lyciaa@LAPTOP-3MHQFBA8
ERROR 2023-10-29 12:15:06,917 NE_RS_UNBLDRE: Unable to load application resource file /resources/favicon.ico api\debug\debug.cpp:20 Lyciaa@LAPTOP-3MHQFBA8
INFO 2023-10-29 12:15:56,028 Reloading the application... api\debug\debug.cpp:17 Lyciaa@LAPTOP-3MHQFBA8
INFO 2023-10-29 12:15:58,745 Auth info was exported to ./.tmp/auth_info.json api\debug\debug.cpp:17 Lyciaa@LAPTOP-3MHQFBA8
ERROR 2023-10-29 12:16:00,708 NE_RS_UNBLDRE: Unable to load application resource file /resources/favicon.ico api\debug\debug.cpp:20 Lyciaa@LAPTOP-3MHQFBA8
INFO 2023-10-29 12:16:16,292 Reloading the application... api\debug\debug.cpp:17 Lyciaa@LAPTOP-3MHQFBA8
INFO 2023-10-29 12:16:33,263 Auth info was exported to ./.tmp/auth_info.json api\debug\debug.cpp:17 Lyciaa@LAPTOP-3MHQFBA8
ERROR 2023-10-29 12:16:35,224 NE_RS_UNBLDRE: Unable to load application resource file /resources/favicon.ico api\debug\debug.cpp:20 Lyciaa@LAPTOP-3MHQFBA8
INFO 2023-10-29 12:17:21,528 Auth info was exported to ./.tmp/auth_info.json api\debug\debug.cpp:17 Lyciaa@LAPTOP-3MHQFBA8
ERROR 2023-10-29 12:17:23,539 NE_RS_UNBLDRE: Unable to load application resource file /resources/favicon.ico api\debug\debug.cpp:20 Lyciaa@LAPTOP-3MHQFBA8
INFO 2023-10-29 12:18:37,375 Auth info was exported to ./.tmp/auth_info.json api\debug\debug.cpp:17 Lyciaa@LAPTOP-3MHQFBA8
ERROR 2023-10-29 12:18:39,285 NE_RS_UNBLDRE: Unable to load application resource file /resources/favicon.ico api\debug\debug.cpp:20 Lyciaa@LAPTOP-3MHQFBA8
INFO 2023-10-29 12:20:04,763 Reloading the application... api\debug\debug.cpp:17 Lyciaa@LAPTOP-3MHQFBA8
INFO 2023-10-29 12:20:09,206 Auth info was exported to ./.tmp/auth_info.json api\debug\debug.cpp:17 Lyciaa@LAPTOP-3MHQFBA8
ERROR 2023-10-29 12:20:11,194 NE_RS_UNBLDRE: Unable to load application resource file /resources/favicon.ico api\debug\debug.cpp:20 Lyciaa@LAPTOP-3MHQFBA8
INFO 2023-10-29 12:21:10,232 Auth info was exported to ./.tmp/auth_info.json api\debug\debug.cpp:17 Lyciaa@LAPTOP-3MHQFBA8
ERROR 2023-10-29 12:21:12,137 NE_RS_UNBLDRE: Unable to load application resource file /resources/favicon.ico api\debug\debug.cpp:20 Lyciaa@LAPTOP-3MHQFBA8
INFO 2023-10-29 12:22:38,297 Auth info was exported to ./.tmp/auth_info.json api\debug\debug.cpp:17 Lyciaa@LAPTOP-3MHQFBA8
ERROR 2023-10-29 12:22:40,299 NE_RS_UNBLDRE: Unable to load application resource file /resources/favicon.ico api\debug\debug.cpp:20 Lyciaa@LAPTOP-3MHQFBA8
INFO 2023-10-29 12:30:23,728 Auth info was exported to ./.tmp/auth_info.json api\debug\debug.cpp:17 Lyciaa@LAPTOP-3MHQFBA8
ERROR 2023-10-29 12:30:25,638 NE_RS_UNBLDRE: Unable to load application resource file /resources/favicon.ico api\debug\debug.cpp:20 Lyciaa@LAPTOP-3MHQFBA8
INFO 2023-10-29 12:32:44,533 Auth info was exported to ./.tmp/auth_info.json api\debug\debug.cpp:17 Lyciaa@LAPTOP-3MHQFBA8
ERROR 2023-10-29 12:32:46,493 NE_RS_UNBLDRE: Unable to load application resource file /resources/favicon.ico api\debug\debug.cpp:20 Lyciaa@LAPTOP-3MHQFBA8
INFO 2023-10-29 12:33:24,007 Auth info was exported to ./.tmp/auth_info.json api\debug\debug.cpp:17 Lyciaa@LAPTOP-3MHQFBA8
ERROR 2023-10-29 12:33:25,921 NE_RS_UNBLDRE: Unable to load application resource file /resources/favicon.ico api\debug\debug.cpp:20 Lyciaa@LAPTOP-3MHQFBA8
INFO 2023-10-29 12:36:00,646 Auth info was exported to ./.tmp/auth_info.json api\debug\debug.cpp:17 Lyciaa@LAPTOP-3MHQFBA8
ERROR 2023-10-29 12:36:02,568 NE_RS_UNBLDRE: Unable to load application resource file /resources/favicon.ico api\debug\debug.cpp:20 Lyciaa@LAPTOP-3MHQFBA8
INFO 2023-10-29 12:36:33,633 Auth info was exported to ./.tmp/auth_info.json api\debug\debug.cpp:17 Lyciaa@LAPTOP-3MHQFBA8
ERROR 2023-10-29 12:36:35,496 NE_RS_UNBLDRE: Unable to load application resource file /resources/favicon.ico api\debug\debug.cpp:20 Lyciaa@LAPTOP-3MHQFBA8
INFO 2023-10-29 12:36:58,521 Auth info was exported to ./.tmp/auth_info.json api\debug\debug.cpp:17 Lyciaa@LAPTOP-3MHQFBA8
ERROR 2023-10-29 12:37:00,403 NE_RS_UNBLDRE: Unable to load application resource file /resources/favicon.ico api\debug\debug.cpp:20 Lyciaa@LAPTOP-3MHQFBA8
INFO 2023-10-29 12:40:57,178 Auth info was exported to ./.tmp/auth_info.json api\debug\debug.cpp:17 Lyciaa@LAPTOP-3MHQFBA8
ERROR 2023-10-29 12:40:59,793 NE_RS_UNBLDRE: Unable to load application resource file /resources/favicon.ico api\debug\debug.cpp:20 Lyciaa@LAPTOP-3MHQFBA8
INFO 2023-10-29 12:41:17,411 Reloading the application... api\debug\debug.cpp:17 Lyciaa@LAPTOP-3MHQFBA8
INFO 2023-10-29 12:45:23,751 Auth info was exported to ./.tmp/auth_info.json api\debug\debug.cpp:17 Lyciaa@LAPTOP-3MHQFBA8
ERROR 2023-10-29 12:45:25,679 NE_RS_UNBLDRE: Unable to load application resource file /resources/favicon.ico api\debug\debug.cpp:20 Lyciaa@LAPTOP-3MHQFBA8
INFO 2023-10-29 14:32:29,674 Auth info was exported to ./.tmp/auth_info.json api\debug\debug.cpp:17 Lyciaa@LAPTOP-3MHQFBA8
ERROR 2023-10-29 14:32:33,156 NE_RS_UNBLDRE: Unable to load application resource file /resources/favicon.ico api\debug\debug.cpp:20 Lyciaa@LAPTOP-3MHQFBA8
INFO 2023-10-29 14:32:50,017 Auth info was exported to ./.tmp/auth_info.json api\debug\debug.cpp:17 Lyciaa@LAPTOP-3MHQFBA8
ERROR 2023-10-29 14:32:52,559 NE_RS_UNBLDRE: Unable to load application resource file /resources/favicon.ico api\debug\debug.cpp:20 Lyciaa@LAPTOP-3MHQFBA8
INFO 2023-10-29 14:34:49,574 Auth info was exported to ./.tmp/auth_info.json api\debug\debug.cpp:17 Lyciaa@LAPTOP-3MHQFBA8
ERROR 2023-10-29 14:34:51,176 NE_RS_UNBLDRE: Unable to load application resource file /resources/index.html api\debug\debug.cpp:20 Lyciaa@LAPTOP-3MHQFBA8
ERROR 2023-10-29 14:35:04,819 NE_RS_UNBLDRE: Unable to load application resource file /resources/favicon.ico api\debug\debug.cpp:20 Lyciaa@LAPTOP-3MHQFBA8
INFO 2023-10-29 14:36:09,137 Reloading the application... api\debug\debug.cpp:17 Lyciaa@LAPTOP-3MHQFBA8
INFO 2023-10-29 14:36:14,981 Reloading the application... api\debug\debug.cpp:17 Lyciaa@LAPTOP-3MHQFBA8
ERROR 2023-10-29 14:36:15,297 NE_RS_UNBLDRE: Unable to load application resource file /resources/index.html api\debug\debug.cpp:20 Lyciaa@LAPTOP-3MHQFBA8
INFO 2023-10-29 14:50:15,752 Auth info was exported to ./.tmp/auth_info.json api\debug\debug.cpp:17 Lyciaa@LAPTOP-3MHQFBA8
ERROR 2023-10-29 14:50:17,448 NE_RS_UNBLDRE: Unable to load application resource file /resources/index.html api\debug\debug.cpp:20 Lyciaa@LAPTOP-3MHQFBA8
ERROR 2023-10-29 14:50:33,255 NE_RS_UNBLDRE: Unable to load application resource file /resources/favicon.ico api\debug\debug.cpp:20 Lyciaa@LAPTOP-3MHQFBA8
INFO 2023-10-29 14:53:36,656 Auth info was exported to ./.tmp/auth_info.json api\debug\debug.cpp:17 Lyciaa@LAPTOP-3MHQFBA8
ERROR 2023-10-29 14:53:38,284 NE_RS_UNBLDRE: Unable to load application resource file /resources/index.html api\debug\debug.cpp:20 Lyciaa@LAPTOP-3MHQFBA8
ERROR 2023-10-29 14:53:46,928 NE_RS_UNBLDRE: Unable to load application resource file /resources/favicon.ico api\debug\debug.cpp:20 Lyciaa@LAPTOP-3MHQFBA8
INFO 2023-10-29 14:54:29,652 Reloading the application... api\debug\debug.cpp:17 Lyciaa@LAPTOP-3MHQFBA8
INFO 2023-10-29 15:36:12,021 Auth info was exported to ./.tmp/auth_info.json api\debug\debug.cpp:17 Lyciaa@LAPTOP-3MHQFBA8
ERROR 2023-10-29 15:36:15,008 NE_RS_UNBLDRE: Unable to load application resource file /resources/favicon.ico api\debug\debug.cpp:20 Lyciaa@LAPTOP-3MHQFBA8
INFO 2023-10-29 15:36:45,071 Auth info was exported to ./.tmp/auth_info.json api\debug\debug.cpp:17 Lyciaa@LAPTOP-3MHQFBA8
ERROR 2023-10-29 15:36:47,314 NE_RS_UNBLDRE: Unable to load application resource file /resources/favicon.ico api\debug\debug.cpp:20 Lyciaa@LAPTOP-3MHQFBA8
INFO 2023-10-29 15:37:16,715 Reloading the application... api\debug\debug.cpp:17 Lyciaa@LAPTOP-3MHQFBA8
INFO 2023-10-29 15:38:09,097 Auth info was exported to ./.tmp/auth_info.json api\debug\debug.cpp:17 Lyciaa@LAPTOP-3MHQFBA8
ERROR 2023-10-29 15:38:11,368 NE_RS_UNBLDRE: Unable to load application resource file /resources/favicon.ico api\debug\debug.cpp:20 Lyciaa@LAPTOP-3MHQFBA8
INFO 2023-10-29 15:39:45,717 Auth info was exported to ./.tmp/auth_info.json api\debug\debug.cpp:17 Lyciaa@LAPTOP-3MHQFBA8
ERROR 2023-10-29 15:39:48,279 NE_RS_UNBLDRE: Unable to load application resource file /resources/favicon.ico api\debug\debug.cpp:20 Lyciaa@LAPTOP-3MHQFBA8
INFO 2023-10-29 18:08:43,140 Auth info was exported to ./.tmp/auth_info.json api\debug\debug.cpp:17 Lyciaa@LAPTOP-3MHQFBA8
ERROR 2023-10-29 18:08:45,840 NE_RS_UNBLDRE: Unable to load application resource file /resources/favicon.ico api\debug\debug.cpp:20 Lyciaa@LAPTOP-3MHQFBA8
INFO 2023-10-29 18:10:24,393 Auth info was exported to ./.tmp/auth_info.json api\debug\debug.cpp:17 Lyciaa@LAPTOP-3MHQFBA8
ERROR 2023-10-29 18:10:26,603 NE_RS_UNBLDRE: Unable to load application resource file /resources/favicon.ico api\debug\debug.cpp:20 Lyciaa@LAPTOP-3MHQFBA8
INFO 2023-10-29 18:11:39,520 Auth info was exported to ./.tmp/auth_info.json api\debug\debug.cpp:17 Lyciaa@LAPTOP-3MHQFBA8
ERROR 2023-10-29 18:11:41,576 NE_RS_UNBLDRE: Unable to load application resource file /resources/favicon.ico api\debug\debug.cpp:20 Lyciaa@LAPTOP-3MHQFBA8
INFO 2023-10-29 18:13:54,046 Auth info was exported to ./.tmp/auth_info.json api\debug\debug.cpp:17 Lyciaa@LAPTOP-3MHQFBA8
ERROR 2023-10-29 18:13:57,054 NE_RS_UNBLDRE: Unable to load application resource file /resources/favicon.ico api\debug\debug.cpp:20 Lyciaa@LAPTOP-3MHQFBA8
INFO 2023-10-29 18:14:19,678 Reloading the application... api\debug\debug.cpp:17 Lyciaa@LAPTOP-3MHQFBA8
INFO 2023-10-29 18:16:12,131 Reloading the application... api\debug\debug.cpp:17 Lyciaa@LAPTOP-3MHQFBA8
INFO 2023-10-29 18:16:37,182 Auth info was exported to ./.tmp/auth_info.json api\debug\debug.cpp:17 Lyciaa@LAPTOP-3MHQFBA8
ERROR 2023-10-29 18:16:39,486 NE_RS_UNBLDRE: Unable to load application resource file /resources/favicon.ico api\debug\debug.cpp:20 Lyciaa@LAPTOP-3MHQFBA8
INFO 2023-10-29 18:17:52,530 Reloading the application... api\debug\debug.cpp:17 Lyciaa@LAPTOP-3MHQFBA8
INFO 2023-10-29 18:18:02,756 Reloading the application... api\debug\debug.cpp:17 Lyciaa@LAPTOP-3MHQFBA8
INFO 2023-10-29 18:18:15,479 Auth info was exported to ./.tmp/auth_info.json api\debug\debug.cpp:17 Lyciaa@LAPTOP-3MHQFBA8
ERROR 2023-10-29 18:18:17,520 NE_RS_UNBLDRE: Unable to load application resource file /resources/favicon.ico api\debug\debug.cpp:20 Lyciaa@LAPTOP-3MHQFBA8
INFO 2023-10-29 21:16:32,244 Auth info was exported to ./.tmp/auth_info.json api\debug\debug.cpp:17 Lyciaa@LAPTOP-3MHQFBA8
ERROR 2023-10-29 21:16:35,760 NE_RS_UNBLDRE: Unable to load application resource file /resources/favicon.ico api\debug\debug.cpp:20 Lyciaa@LAPTOP-3MHQFBA8
INFO 2023-10-29 21:17:14,411 Reloading the application... api\debug\debug.cpp:17 Lyciaa@LAPTOP-3MHQFBA8
INFO 2023-10-29 21:17:21,551 Auth info was exported to ./.tmp/auth_info.json api\debug\debug.cpp:17 Lyciaa@LAPTOP-3MHQFBA8
ERROR 2023-10-29 21:17:24,072 NE_RS_UNBLDRE: Unable to load application resource file /resources/favicon.ico api\debug\debug.cpp:20 Lyciaa@LAPTOP-3MHQFBA8
INFO 2023-10-29 21:18:29,539 Auth info was exported to ./.tmp/auth_info.json api\debug\debug.cpp:17 Lyciaa@LAPTOP-3MHQFBA8
ERROR 2023-10-29 21:18:32,154 NE_RS_UNBLDRE: Unable to load application resource file /resources/favicon.ico api\debug\debug.cpp:20 Lyciaa@LAPTOP-3MHQFBA8
INFO 2023-10-29 21:23:43,157 Auth info was exported to ./.tmp/auth_info.json api\debug\debug.cpp:17 Lyciaa@LAPTOP-3MHQFBA8
ERROR 2023-10-29 21:23:46,621 NE_RS_UNBLDRE: Unable to load application resource file /resources/favicon.ico api\debug\debug.cpp:20 Lyciaa@LAPTOP-3MHQFBA8
INFO 2023-10-29 21:24:20,590 Reloading the application... api\debug\debug.cpp:17 Lyciaa@LAPTOP-3MHQFBA8
INFO 2023-10-29 21:24:30,469 Auth info was exported to ./.tmp/auth_info.json api\debug\debug.cpp:17 Lyciaa@LAPTOP-3MHQFBA8
ERROR 2023-10-29 21:24:33,131 NE_RS_UNBLDRE: Unable to load application resource file /resources/favicon.ico api\debug\debug.cpp:20 Lyciaa@LAPTOP-3MHQFBA8
INFO 2023-10-29 21:25:39,654 Auth info was exported to ./.tmp/auth_info.json api\debug\debug.cpp:17 Lyciaa@LAPTOP-3MHQFBA8
ERROR 2023-10-29 21:25:42,310 NE_RS_UNBLDRE: Unable to load application resource file /resources/favicon.ico api\debug\debug.cpp:20 Lyciaa@LAPTOP-3MHQFBA8
INFO 2023-10-29 21:26:37,277 Auth info was exported to ./.tmp/auth_info.json api\debug\debug.cpp:17 Lyciaa@LAPTOP-3MHQFBA8
ERROR 2023-10-29 21:26:39,961 NE_RS_UNBLDRE: Unable to load application resource file /resources/favicon.ico api\debug\debug.cpp:20 Lyciaa@LAPTOP-3MHQFBA8
INFO 2023-10-29 21:28:23,632 Reloading the application... api\debug\debug.cpp:17 Lyciaa@LAPTOP-3MHQFBA8
INFO 2023-10-29 21:28:29,188 Auth info was exported to ./.tmp/auth_info.json api\debug\debug.cpp:17 Lyciaa@LAPTOP-3MHQFBA8
ERROR 2023-10-29 21:28:31,782 NE_RS_UNBLDRE: Unable to load application resource file /resources/favicon.ico api\debug\debug.cpp:20 Lyciaa@LAPTOP-3MHQFBA8
INFO 2023-10-29 21:36:05,135 Auth info was exported to ./.tmp/auth_info.json api\debug\debug.cpp:17 Lyciaa@LAPTOP-3MHQFBA8
ERROR 2023-10-29 21:36:08,516 NE_RS_UNBLDRE: Unable to load application resource file /resources/favicon.ico api\debug\debug.cpp:20 Lyciaa@LAPTOP-3MHQFBA8
INFO 2023-10-29 21:37:01,303 Reloading the application... api\debug\debug.cpp:17 Lyciaa@LAPTOP-3MHQFBA8
INFO 2023-10-29 21:39:24,646 Auth info was exported to ./.tmp/auth_info.json api\debug\debug.cpp:17 Lyciaa@LAPTOP-3MHQFBA8
ERROR 2023-10-29 21:39:27,522 NE_RS_UNBLDRE: Unable to load application resource file /resources/favicon.ico api\debug\debug.cpp:20 Lyciaa@LAPTOP-3MHQFBA8
INFO 2023-10-29 21:41:23,836 Auth info was exported to ./.tmp/auth_info.json api\debug\debug.cpp:17 Lyciaa@LAPTOP-3MHQFBA8
ERROR 2023-10-29 21:41:26,608 NE_RS_UNBLDRE: Unable to load application resource file /resources/favicon.ico api\debug\debug.cpp:20 Lyciaa@LAPTOP-3MHQFBA8
INFO 2023-10-29 21:43:01,179 Reloading the application... api\debug\debug.cpp:17 Lyciaa@LAPTOP-3MHQFBA8
INFO 2023-10-29 21:43:04,043 Reloading the application... api\debug\debug.cpp:17 Lyciaa@LAPTOP-3MHQFBA8
INFO 2023-10-29 21:45:40,685 Auth info was exported to ./.tmp/auth_info.json api\debug\debug.cpp:17 Lyciaa@LAPTOP-3MHQFBA8
ERROR 2023-10-29 21:45:43,726 NE_RS_UNBLDRE: Unable to load application resource file /resources/favicon.ico api\debug\debug.cpp:20 Lyciaa@LAPTOP-3MHQFBA8
INFO 2023-10-29 21:47:23,939 Auth info was exported to ./.tmp/auth_info.json api\debug\debug.cpp:17 Lyciaa@LAPTOP-3MHQFBA8
ERROR 2023-10-29 21:47:26,625 NE_RS_UNBLDRE: Unable to load application resource file /resources/favicon.ico api\debug\debug.cpp:20 Lyciaa@LAPTOP-3MHQFBA8
INFO 2023-10-29 21:50:01,990 Auth info was exported to ./.tmp/auth_info.json api\debug\debug.cpp:17 Lyciaa@LAPTOP-3MHQFBA8
ERROR 2023-10-29 21:50:04,706 NE_RS_UNBLDRE: Unable to load application resource file /resources/favicon.ico api\debug\debug.cpp:20 Lyciaa@LAPTOP-3MHQFBA8
INFO 2023-10-29 21:52:55,317 Auth info was exported to ./.tmp/auth_info.json api\debug\debug.cpp:17 Lyciaa@LAPTOP-3MHQFBA8
ERROR 2023-10-29 21:52:57,948 NE_RS_UNBLDRE: Unable to load application resource file /resources/favicon.ico api\debug\debug.cpp:20 Lyciaa@LAPTOP-3MHQFBA8
INFO 2023-10-29 21:57:18,738 Auth info was exported to ./.tmp/auth_info.json api\debug\debug.cpp:17 Lyciaa@LAPTOP-3MHQFBA8
ERROR 2023-10-29 21:57:21,523 NE_RS_UNBLDRE: Unable to load application resource file /resources/favicon.ico api\debug\debug.cpp:20 Lyciaa@LAPTOP-3MHQFBA8
INFO 2023-10-29 21:59:44,693 Auth info was exported to ./.tmp/auth_info.json api\debug\debug.cpp:17 Lyciaa@LAPTOP-3MHQFBA8
ERROR 2023-10-29 21:59:47,282 NE_RS_UNBLDRE: Unable to load application resource file /resources/favicon.ico api\debug\debug.cpp:20 Lyciaa@LAPTOP-3MHQFBA8
INFO 2023-10-31 10:32:46,709 Auth info was exported to ./.tmp/auth_info.json api\debug\debug.cpp:17 Lyciaa@LAPTOP-3MHQFBA8
ERROR 2023-10-31 10:32:50,335 NE_RS_UNBLDRE: Unable to load application resource file /resources/favicon.ico api\debug\debug.cpp:20 Lyciaa@LAPTOP-3MHQFBA8
INFO 2023-10-31 10:35:14,177 Auth info was exported to ./.tmp/auth_info.json api\debug\debug.cpp:17 Lyciaa@LAPTOP-3MHQFBA8
ERROR 2023-10-31 10:35:16,959 NE_RS_UNBLDRE: Unable to load application resource file /resources/favicon.ico api\debug\debug.cpp:20 Lyciaa@LAPTOP-3MHQFBA8
